<?xml version="1.0" encoding="utf-8"?><testsuites><testsuite name="pytest" errors="0" failures="0" skipped="4" tests="16" time="0.145" timestamp="2022-01-26T12:03:07.053899" hostname="LAPTOP-83PB7JA7"><testcase classname="test_sample1" name="test_obj" time="0.001"><skipped type="pytest.skip" message="unconditional skip">C:\Users\36bis\Desktop\New folder (3)\test_sample1.py:4: unconditional skip</skipped></testcase><testcase classname="test_sample1" name="test_sum" time="0.001" /><testcase classname="test_sample1" name="test_objsum" time="0.001" /><testcase classname="test_sample1" name="test_subs" time="0.001" /><testcase classname="test_sample1" name="test_gtlt" time="0.001" /><testcase classname="test_sample2" name="test_add" time="0.001" /><testcase classname="test_sample2" name="test_sub" time="0.001" /><testcase classname="test_sample2" name="test_lt_F" time="0.001" /><testcase classname="test_sample2" name="test_lt_T" time="0.001" /><testcase classname="test_sample2" name="test_add1" time="0.001" /><testcase classname="test_sample3" name="test_sum[obj10-obj20-4]" time="0.002" /><testcase classname="test_sample3" name="test_sum[obj11-obj21-11]" time="0.002" /><testcase classname="test_sample3" name="test_sum[obj12-obj22-11]" time="0.001" /><testcase classname="test_sample3" name="test_subs[obj10-1 and 2]" time="0.001"><skipped type="pytest.skip" message="unconditional skip">C:\Users\36bis\Desktop\New folder (3)\test_sample3.py:24: unconditional skip</skipped></testcase><testcase classname="test_sample3" name="test_subs[obj11-5 and 2]" time="0.001"><skipped type="pytest.skip" message="unconditional skip">C:\Users\36bis\Desktop\New folder (3)\test_sample3.py:24: unconditional skip</skipped></testcase><testcase classname="test_sample3" name="test_subs[obj12-8 and 7]" time="0.001"><skipped type="pytest.skip" message="unconditional skip">C:\Users\36bis\Desktop\New folder (3)\test_sample3.py:24: unconditional skip</skipped></testcase></testsuite></testsuites>